<?xml version="1.0" encoding="UTF-8"?>
<Site BuildName="Linux-"
	BuildStamp="20170605-1907-Experimental"
	Name="pcoDev"
	Generator="ctest-3.5.1"
	CompilerName=""
	CompilerVersion=""
	OSName="Linux"
	Hostname="pcoDev"
	OSRelease="4.4.0-78-generic"
	OSVersion="#99-Ubuntu SMP Thu Apr 27 15:29:09 UTC 2017"
	OSPlatform="x86_64"
	Is64Bits="1"
	VendorString="GenuineIntel"
	VendorID="Intel Corporation"
	FamilyID="6"
	ModelID="60"
	ProcessorCacheSize="8192"
	NumberOfLogicalCPU="1"
	NumberOfPhysicalCPU="1"
	TotalVirtualMemory="3325"
	TotalPhysicalMemory="3260"
	LogicalProcessorsPerPhysical="1"
	ProcessorClockFrequency="3591.68"
	>
	<CoverageLog>
		<StartDateTime>Jun 05 15:16 EDT</StartDateTime>
		<StartTime>1496690215</StartTime>
		<File Name="hello.R" FullPath="./R/hello.R">
			<Report>
				<Line Number="0" Count="-1"># Hello, world!</Line>
				<Line Number="1" Count="-1">#</Line>
				<Line Number="2" Count="-1"># This is an example function named 'hello'</Line>
				<Line Number="3" Count="-1"># which prints 'Hello, world!'.</Line>
				<Line Number="4" Count="-1">#</Line>
				<Line Number="5" Count="-1"># You can learn more about package authoring with RStudio at:</Line>
				<Line Number="6" Count="-1">#</Line>
				<Line Number="7" Count="-1">#   http://r-pkgs.had.co.nz/</Line>
				<Line Number="8" Count="-1">#</Line>
				<Line Number="9" Count="-1"># Some useful keyboard shortcuts for package authoring:</Line>
				<Line Number="10" Count="-1">#</Line>
				<Line Number="11" Count="-1">#   Build and Reload Package:  'Ctrl + Shift + B'</Line>
				<Line Number="12" Count="-1">#   Check Package:             'Ctrl + Shift + E'</Line>
				<Line Number="13" Count="-1">#   Test Package:              'Ctrl + Shift + T'</Line>
				<Line Number="14" Count="-1"></Line>
				<Line Number="15" Count="-1">helloTest &lt;- function() {</Line>
				<Line Number="16" Count="0">  print("Hello, world! Try to Covr this!")</Line>
				<Line Number="17" Count="0">  print("TEST")</Line>
				<Line Number="18" Count="-1">}</Line>
				<Line Number="19" Count="-1"></Line>
				<Line Number="20" Count="-1">goodbye &lt;- function() {</Line>
				<Line Number="21" Count="-1">  print("Goodbye cruel world!")</Line>
				<Line Number="22" Count="-1">}</Line>
				<Line Number="23" Count="-1"></Line>
				<Line Number="24" Count="-1">adder &lt;- function(a,b) {</Line>
				<Line Number="25" Count="2">  print(a)</Line>
				<Line Number="26" Count="2">  print(b)</Line>
				<Line Number="27" Count="2">  if(b &gt; 4) {</Line>
				<Line Number="28" Count="0">    print("Good be a good one")</Line>
				<Line Number="29" Count="-1">  }</Line>
				<Line Number="30" Count="-1">}</Line>
				<Line Number="31" Count="-1"></Line>
				<Line Number="32" Count="-1">goodbye &lt;- function(name) {</Line>
				<Line Number="33" Count="1">  print("Goodbye! See ya soon!")</Line>
				<Line Number="34" Count="1">  print(paste("from, ", name, sep="  "))</Line>
				<Line Number="35" Count="-1">}</Line>
				<Line Number="36" Count="-1"></Line>
				<Line Number="37" Count="-1"></Line>
				<Line Number="38" Count="-1"></Line>
			</Report>
		</File>
		<EndDateTime>Jun 05 15:16 EDT</EndDateTime>
		<EndTime>1496690215</EndTime>
	</CoverageLog>
</Site>
